  Start Building Link list files
  
  A subdirectory or file ..\..\Output\ already exists.
  A subdirectory or file ..\..\Output\API\ already exists.
  End of Building Link list files
  
  stdafx.cpp
  dlllink.cpp
  compiling MLINK.H
  compiling type.h
  end of compiling type.h
  compiling linkerror.h
  compiling type.h
  compiling type.h
  ExpLink.cpp
  compiling type.h
  end of compiling type.h
  compiling MLINK.H
  compiling type.h
  compiling linkerror.h
  compiling type.h
  compiling type.h
  API.cpp
  compiling type.h
  end of compiling type.h
  compiling MLINK.H
  compiling type.h
  compiling linkerror.h
  compiling type.h
  compiling type.h
  compiling type.h
  apilinkadapt.cpp
  compiling MLINK.H
  compiling type.h
  end of compiling type.h
  compiling linkerror.h
  compiling type.h
  compiling type.h
  compiling type.h
  compiling type.h
  compiling type.h
C:\appb_platform\Source\API\apilinkadapt.cpp(70,12): warning C4101: 'LStat': unreferenced local variable
  findhid.cpp
  compiling MLINK.H
  compiling type.h
  end of compiling type.h
  compiling linkerror.h
  compiling type.h
  compiling type.h
  linktran.cpp
  compiling MLINK.H
  compiling type.h
  end of compiling type.h
  compiling linkerror.h
  compiling type.h
  compiling type.h
  compiling type.h
C:\appb_platform\Source\API\linktran.cpp(374,6): warning C4101: 'CRC': unreferenced local variable
C:\appb_platform\Source\API\linktran.cpp(422,13): warning C4101: 'FIdx': unreferenced local variable
  mastadapt.cpp
  compiling type.h
  end of compiling type.h
  compiling linkerror.h
  compiling type.h
  compiling MLINK.H
  compiling type.h
  compiling type.h
  MASTER.CPP
  compiling type.h
  end of compiling type.h
  compiling linkerror.h
  compiling type.h
  compiling MLINK.H
  compiling type.h
  compiling type.h
  compiling type.h
  Generating Code...
  dllmain.cpp
     Creating library ..\..\Output\API\Debug\1343API.lib and object ..\..\Output\API\Debug\1343API.exp
  1343API.vcxproj -> C:\appb_platform\Source\API\..\..\Output\API\Debug\1343API.dll
  
  A subdirectory or file ..\..\Output\TestApp\Debug already exists.
          1 file(s) copied.
  
