c:\appb_platform\output\api\debug\1343api.lib
c:\appb_platform\output\api\debug\1343api.exp
c:\appb_platform\output\api\debug\1343api.pch
c:\appb_platform\output\api\debug\vc141.pdb
c:\appb_platform\output\api\debug\vc141.idb
c:\appb_platform\output\api\debug\stdafx.obj
c:\appb_platform\output\api\debug\master.obj
c:\appb_platform\output\api\debug\mastadapt.obj
c:\appb_platform\output\api\debug\linktran.obj
c:\appb_platform\output\api\debug\findhid.obj
c:\appb_platform\output\api\debug\apilinkadapt.obj
c:\appb_platform\output\api\debug\api.obj
c:\appb_platform\output\api\debug\explink.obj
c:\appb_platform\output\api\debug\dlllink.obj
c:\appb_platform\output\api\debug\dllmain.obj
c:\appb_platform\output\api\debug\1343api.ilk
c:\appb_platform\output\api\debug\1343api.dll
c:\appb_platform\output\api\debug\1343api.pdb
c:\appb_platform\source\api\..\..\output\api\debug\1343api.dll
c:\appb_platform\output\api\debug\1343api.tlog\1343api.write.1u.tlog
c:\appb_platform\output\api\debug\1343api.tlog\cl.command.1.tlog
c:\appb_platform\output\api\debug\1343api.tlog\cl.read.1.tlog
c:\appb_platform\output\api\debug\1343api.tlog\cl.write.1.tlog
c:\appb_platform\output\api\debug\1343api.tlog\link.command.1.tlog
c:\appb_platform\output\api\debug\1343api.tlog\link.read.1.tlog
c:\appb_platform\output\api\debug\1343api.tlog\link.write.1.tlog
